------------------------------------------------------------------------------------------------------------------------

[2016-12-02 16:43:09 #1 store] 
Database '/home/juancho/IdeaProjects/prac3Juan/$db/points.odb' is opened by 4243@DrexoxManjaro

[2016-12-02 16:43:09 #2 type.registry] 
New type tutorial.Point

[2016-12-02 16:43:09 #3 type] 
Type tutorial.Point is not enhanced.

[2016-12-02 16:43:09 #4 store] 
Database '/home/juancho/IdeaProjects/prac3Juan/$db/points.odb' is closed by 4243@DrexoxManjaro

------------------------------------------------------------------------------------------------------------------------

[2016-12-02 16:43:48 #1 store] 
Database '/home/juancho/IdeaProjects/prac3Paola/$db/points.odb' is opened by 6897@DrexoxII

[2016-12-02 16:43:48 #2 type.registry] 
New type tutorial.Point

[2016-12-02 16:43:48 #3 type] 
Type tutorial.Point is not enhanced.

[2016-12-02 16:43:48 #4 store] 
Database '/home/juancho/IdeaProjects/prac3Paola/$db/points.odb' is closed by 6897@DrexoxII

------------------------------------------------------------------------------------------------------------------------

[2016-12-02 16:45:49 #1 store] 
Database '/home/juancho/IdeaProjects/prac3Juan/$db/points.odb' is opened by 4475@DrexoxManjaro

------------------------------------------------------------------------------------------------------------------------

[2016-12-02 16:48:31 #1 store] 
Database '/home/juancho/IdeaProjects/prac3Paola/$db/points.odb' is opened by 7031@DrexoxII

------------------------------------------------------------------------------------------------------------------------

[2016-12-02 17:21:12 #1 store] 
Database '/home/juancho/IdeaProjects/prac3Paola/db/persona.odb' is opened by 7751@DrexoxII

[2016-12-02 17:21:12 #2 type.registry] 
New type persona.Persona

------------------------------------------------------------------------------------------------------------------------

[2016-12-02 17:23:00 #1 store] 
Database '/home/juancho/IdeaProjects/prac3Paola/db/persona.odb' has been recovered (tr. 1-3)

[2016-12-02 17:23:00 #2 store] 
Database '/home/juancho/IdeaProjects/prac3Paola/db/persona.odb' is opened by 7838@DrexoxII

[2016-12-02 17:23:00 #3 type] 
Type persona.Persona is not enhanced.

[2016-12-02 17:23:00 #4 store] 
Database '/home/juancho/IdeaProjects/prac3Paola/db/persona.odb' is closed by 7838@DrexoxII

[2016-12-02 17:24:28 #2 store] 
Database '/home/juancho/IdeaProjects/prac3Paola/$db/points.odb' is closed by 7031@DrexoxII

------------------------------------------------------------------------------------------------------------------------

[2016-12-02 17:24:32 #1 store] 
Database '/home/juancho/IdeaProjects/prac3Paola/db/persona.odb' is opened by 7911@DrexoxII

[2016-12-02 17:27:27 #2 store] 
Database '/home/juancho/IdeaProjects/prac3Paola/db/persona.odb' is closed by 7911@DrexoxII

------------------------------------------------------------------------------------------------------------------------

[2016-12-02 17:54:23 #1 store] 
Database '/home/juancho/IdeaProjects/prac3Paola/db/persona.odb' is opened by 8584@DrexoxII

[2016-12-02 17:54:23 #2 type] 
Type persona.Persona is not enhanced.

[2016-12-02 17:54:23 #3 store] 
Database '/home/juancho/IdeaProjects/prac3Paola/db/persona.odb' is closed by 8584@DrexoxII

