------------------------------------------------------------------------------------------------------------------------

[2016-12-03 16:47:55 #1 store] 
Database '/home/paovera/Dropbox/Cosas de Pao&Juancho/Base de Datos A2016/practicas/evaluada3/prac3Paola/$db/points.odb' is opened by 2972@paovera

[2016-12-03 16:47:56 #2 type] 
Type tutorial.Point is not enhanced.

[2016-12-03 16:48:02 #3 store] 
Database '/home/paovera/Dropbox/Cosas de Pao&Juancho/Base de Datos A2016/practicas/evaluada3/prac3Paola/$db/points.odb' is closed by 2972@paovera

------------------------------------------------------------------------------------------------------------------------

[2016-12-03 16:55:21 #1 explorer] 
[ObjectDB 2.6.9_08] javax.persistence.PersistenceException
Failed to open file '/' (error 115)
	at javax.swing.Timer.fireActionPerformed(Timer.java:313)
	at javax.swing.Timer$DoPostEvent.run(Timer.java:245)
	at java.awt.event.InvocationEvent.dispatch(InvocationEvent.java:311)
	at java.awt.EventQueue.dispatchEventImpl(EventQueue.java:756)
	at java.awt.EventQueue.access$500(EventQueue.java:97)
	at java.awt.EventQueue$3.run(EventQueue.java:709)
	at java.awt.EventQueue$3.run(EventQueue.java:703)
	at java.security.AccessController.doPrivileged(Native Method)
	at java.security.ProtectionDomain$JavaSecurityAccessImpl.doIntersectionPrivilege(ProtectionDomain.java:80)
	at java.awt.EventQueue.dispatchEvent(EventQueue.java:726)
	at java.awt.EventDispatchThread.pumpOneEventForFilters(EventDispatchThread.java:201)
	at java.awt.EventDispatchThread.pumpEventsForFilter(EventDispatchThread.java:116)
	at java.awt.EventDispatchThread.pumpEventsForHierarchy(EventDispatchThread.java:105)
	at java.awt.EventDispatchThread.pumpEvents(EventDispatchThread.java:101)
	at java.awt.EventDispatchThread.pumpEvents(EventDispatchThread.java:93)
	at java.awt.EventDispatchThread.run(EventDispatchThread.java:82)
Caused by: com.objectdb.o.UserException: Failed to open file '/'
	at com.objectdb.o.MSG.d(MSG.java:75)
	at com.objectdb.o.LFL.M(LFL.java:1204)
	at com.objectdb.o.LFL.B(LFL.java:899)
	at com.objectdb.o.LFL.B(LFL.java:794)
	at com.objectdb.o.SFL.<init>(SFL.java:235)
	at com.objectdb.o.MST.<init>(MST.java:123)
	at com.objectdb.o.MST.aN(MST.java:105)
	at com.objectdb.o.MSF.Vn(MSF.java:188)
	at com.objectdb.o.OMF.an(OMF.java:782)
	at com.objectdb.jpa.EMF.an(EMF.java:131)
	at com.objectdb.o.OMF.am(OMF.java:693)
	at com.objectdb.jpa.EMF.createEntityManager(EMF.java:150)
	... 18 more
Caused by: java.io.FileNotFoundException: / (Es un directorio)
	at java.io.RandomAccessFile.open0(Native Method)
	at java.io.RandomAccessFile.open(RandomAccessFile.java:316)
	at java.io.RandomAccessFile.<init>(RandomAccessFile.java:243)
	at com.objectdb.o.LFL.B(LFL.java:882)
	... 27 more

[2016-12-03 16:55:37 #2 store] 
Database '/home/paovera/Dropbox/Cosas de Pao&Juancho/Base de Datos A2016/practicas/evaluada3/objectdb-2.6.9_08/db/points.odb' is opened by 3533@paovera

[2016-12-03 16:56:00 #3 store] 
Database '/home/paovera/Dropbox/Cosas de Pao&Juancho/Base de Datos A2016/practicas/evaluada3/objectdb-2.6.9_08/db/points.odb' is closed by 3533@paovera

------------------------------------------------------------------------------------------------------------------------

[2016-12-03 17:50:04 #1 store] 
Database '/home/juancho/IdeaProjects/prac3Juan/db/person.odb' is opened by 6858@DrexoxII

------------------------------------------------------------------------------------------------------------------------

[2016-12-03 17:53:46 #1 store] 
Database '/home/juancho/IdeaProjects/prac3Juan/db/person.odb' has been recovered (tr. 1-2)

[2016-12-03 17:53:47 #2 store] 
Database '/home/juancho/IdeaProjects/prac3Juan/db/person.odb' is opened by 6992@DrexoxII

------------------------------------------------------------------------------------------------------------------------

[2016-12-03 17:56:20 #1 store] 
Database '/home/juancho/IdeaProjects/prac3Juan/db/person.odb' is opened by 7098@DrexoxII

------------------------------------------------------------------------------------------------------------------------

[2016-12-03 18:08:41 #1 store] 
Database '/home/juancho/IdeaProjects/prac3Juan/db/person.odb' is opened by 7468@DrexoxII

------------------------------------------------------------------------------------------------------------------------

[2016-12-03 18:10:32 #1 store] 
Database '/home/juancho/IdeaProjects/prac3Juan/db/person.odb' is opened by 7564@DrexoxII

------------------------------------------------------------------------------------------------------------------------

[2016-12-03 18:10:54 #1 store] 
Database '/home/juancho/IdeaProjects/prac3Juan/db/person.odb' is opened by 7617@DrexoxII

------------------------------------------------------------------------------------------------------------------------

[2016-12-03 18:11:16 #1 store] 
Database '/home/juancho/IdeaProjects/prac3Juan/db/person.odb' is opened by 7664@DrexoxII

[2016-12-03 18:11:16 #2 type.registry] 
New type person.Person

[2016-12-03 18:11:16 #3 type.registry] 
New type person.Student

[2016-12-03 18:11:16 #4 type] 
Type person.Person is not enhanced.

[2016-12-03 18:11:16 #5 type.registry] 
New type java.time.LocalDate

[2016-12-03 18:11:16 #6 type] 
Type person.Student is not enhanced.

------------------------------------------------------------------------------------------------------------------------

[2016-12-03 18:11:26 #1 store] 
Database '/home/juancho/IdeaProjects/prac3Juan/db/person.odb' has been recovered (tr. 3-3)

[2016-12-03 18:11:27 #2 store] 
Database '/home/juancho/IdeaProjects/prac3Juan/db/person.odb' is opened by 7706@DrexoxII

[2016-12-03 18:11:27 #3 type] 
Type person.Person is not enhanced.

[2016-12-03 18:11:27 #4 type] 
Type person.Student is not enhanced.

[2016-12-03 18:11:27 #5 type.registry] 
New type person.Professor

------------------------------------------------------------------------------------------------------------------------

[2016-12-03 18:11:55 #1 store] 
Database '/home/juancho/IdeaProjects/prac3Juan/db/person.odb' has been recovered (tr. 4-4)

[2016-12-03 18:11:56 #2 store] 
Database '/home/juancho/IdeaProjects/prac3Juan/db/person.odb' is opened by 7764@DrexoxII

[2016-12-03 18:11:56 #3 type] 
Type person.Person is not enhanced.

[2016-12-03 18:11:56 #4 type] 
Type person.Student is not enhanced.

[2016-12-03 18:11:56 #5 type] 
Type person.Professor is not enhanced.

------------------------------------------------------------------------------------------------------------------------

[2016-12-03 18:29:47 #1 store] 
Database '/home/juancho/IdeaProjects/prac3Juan/db/person.odb' has been recovered (tr. 5-5)

[2016-12-03 18:29:47 #2 store] 
Database '/home/juancho/IdeaProjects/prac3Juan/db/person.odb' is opened by 8235@DrexoxII

[2016-12-03 18:29:48 #3 type] 
Type person.Person is not enhanced.

[2016-12-03 18:29:48 #4 type] 
Type person.Student is not enhanced.

[2016-12-03 18:29:48 #5 type] 
Type person.Professor is not enhanced.

[2016-12-03 18:29:48 #6 store] 
Database '/home/juancho/IdeaProjects/prac3Juan/db/person.odb' is closed by 8235@DrexoxII

------------------------------------------------------------------------------------------------------------------------

[2016-12-03 18:30:33 #1 store] 
Database '/home/juancho/IdeaProjects/prac3Juan/db/person.odb' is opened by 8296@DrexoxII

[2016-12-03 18:30:45 #2 store] 
Database '/home/juancho/IdeaProjects/prac3Juan/db/person.odb' is closed by 8296@DrexoxII

------------------------------------------------------------------------------------------------------------------------

[2016-12-03 18:39:21 #1 store] 
Database '/home/juancho/IdeaProjects/prac3Juan/db/person.odb' is opened by 8574@DrexoxII

[2016-12-03 18:39:21 #2 type] 
Type person.Person is not enhanced.

[2016-12-03 18:39:21 #3 type] 
Type person.Student is not enhanced.

[2016-12-03 18:39:21 #4 type] 
Type person.Professor is not enhanced.

[2016-12-03 18:39:22 #5 store] 
Database '/home/juancho/IdeaProjects/prac3Juan/db/person.odb' is closed by 8574@DrexoxII

------------------------------------------------------------------------------------------------------------------------

[2016-12-03 18:49:29 #1 store] 
Database '/home/juancho/IdeaProjects/prac3Juan/db/person.odb' is opened by 8875@DrexoxII

[2016-12-03 18:49:29 #2 type] 
Type person.Person is not enhanced.

[2016-12-03 18:49:29 #3 type] 
Type person.Student is not enhanced.

[2016-12-03 18:49:29 #4 type] 
Type person.Professor is not enhanced.

[2016-12-03 18:49:30 #5 store] 
Database '/home/juancho/IdeaProjects/prac3Juan/db/person.odb' is closed by 8875@DrexoxII

------------------------------------------------------------------------------------------------------------------------

[2016-12-03 18:51:17 #1 store] 
Database '/home/paovera/Dropbox/Cosas de Pao&Juancho/Base de Datos A2016/practicas/evaluada3/prac3Paola/$db/points.odb' is opened by 8677@paovera

[2016-12-03 18:51:18 #2 type] 
Type tutorial.Point is not enhanced.

[2016-12-03 18:51:19 #3 store] 
Database '/home/paovera/Dropbox/Cosas de Pao&Juancho/Base de Datos A2016/practicas/evaluada3/prac3Paola/$db/points.odb' is closed by 8677@paovera

------------------------------------------------------------------------------------------------------------------------

[2016-12-03 18:51:45 #1 store] 
Database '/home/juancho/IdeaProjects/prac3Juan/db/person.odb' is opened by 8974@DrexoxII

[2016-12-03 18:51:45 #2 type] 
Type person.Person is not enhanced.

[2016-12-03 18:51:46 #3 type] 
Type person.Student is not enhanced.

[2016-12-03 18:51:46 #4 type] 
Type person.Professor is not enhanced.

[2016-12-03 18:51:46 #5 store] 
Database '/home/juancho/IdeaProjects/prac3Juan/db/person.odb' is closed by 8974@DrexoxII

------------------------------------------------------------------------------------------------------------------------

[2016-12-03 18:51:57 #1 store] 
Database '/home/juancho/IdeaProjects/prac3Juan/db/person.odb' is opened by 9020@DrexoxII

[2016-12-03 18:51:57 #2 type] 
Type person.Person is not enhanced.

[2016-12-03 18:51:57 #3 type] 
Type person.Student is not enhanced.

[2016-12-03 18:51:57 #4 type] 
Type person.Professor is not enhanced.

[2016-12-03 18:51:57 #5 store] 
Database '/home/juancho/IdeaProjects/prac3Juan/db/person.odb' is closed by 9020@DrexoxII

------------------------------------------------------------------------------------------------------------------------

[2016-12-03 18:54:46 #1 store] 
Database '/home/paovera/Dropbox/Cosas de Pao&Juancho/Base de Datos A2016/practicas/evaluada3/prac3Paola/db/Practica3.odb' is opened by 8861@paovera

[2016-12-03 18:54:47 #2 type.registry] 
New type Practica3.Persona

[2016-12-03 18:54:47 #3 type.registry] 
New type Practica3.Estudiante

[2016-12-03 18:54:47 #4 type] 
Type Practica3.Persona is not enhanced.

------------------------------------------------------------------------------------------------------------------------

[2016-12-03 18:55:24 #1 store] 
Database '/home/paovera/Dropbox/Cosas de Pao&Juancho/Base de Datos A2016/practicas/evaluada3/prac3Paola/db/Practica3.odb' has been recovered (tr. 1-3)

[2016-12-03 18:55:25 #2 store] 
Database '/home/paovera/Dropbox/Cosas de Pao&Juancho/Base de Datos A2016/practicas/evaluada3/prac3Paola/db/Practica3.odb' is opened by 8906@paovera

[2016-12-03 18:55:25 #3 type] 
Type Practica3.Persona is not enhanced.

------------------------------------------------------------------------------------------------------------------------

[2016-12-03 19:01:16 #1 store] 
Database '/home/paovera/Dropbox/Cosas de Pao&Juancho/Base de Datos A2016/practicas/evaluada3/prac3Paola/db/Practica3.odb' is opened by 9138@paovera

[2016-12-03 19:01:16 #2 type] 
Type Practica3.Persona is not enhanced.

------------------------------------------------------------------------------------------------------------------------

[2016-12-03 19:01:49 #1 explorer] 
[ObjectDB 2.6.9_08] javax.persistence.PersistenceException
Failed to open file '/home/paovera/Dropbox/Cosas de Pao&Juancho/Base de Datos A2016/practicas/evaluada3/objectdb-2.6.9_08/bin' (error 115)
	at javax.swing.Timer.fireActionPerformed(Timer.java:313)
	at javax.swing.Timer$DoPostEvent.run(Timer.java:245)
	at java.awt.event.InvocationEvent.dispatch(InvocationEvent.java:311)
	at java.awt.EventQueue.dispatchEventImpl(EventQueue.java:756)
	at java.awt.EventQueue.access$500(EventQueue.java:97)
	at java.awt.EventQueue$3.run(EventQueue.java:709)
	at java.awt.EventQueue$3.run(EventQueue.java:703)
	at java.security.AccessController.doPrivileged(Native Method)
	at java.security.ProtectionDomain$JavaSecurityAccessImpl.doIntersectionPrivilege(ProtectionDomain.java:80)
	at java.awt.EventQueue.dispatchEvent(EventQueue.java:726)
	at java.awt.EventDispatchThread.pumpOneEventForFilters(EventDispatchThread.java:201)
	at java.awt.EventDispatchThread.pumpEventsForFilter(EventDispatchThread.java:116)
	at java.awt.EventDispatchThread.pumpEventsForHierarchy(EventDispatchThread.java:105)
	at java.awt.EventDispatchThread.pumpEvents(EventDispatchThread.java:101)
	at java.awt.EventDispatchThread.pumpEvents(EventDispatchThread.java:93)
	at java.awt.EventDispatchThread.run(EventDispatchThread.java:82)
Caused by: com.objectdb.o.UserException: Failed to open file '/home/paovera/Dropbox/Cosas de Pao&Juancho/Base de Datos A2016/practicas/evaluada3/objectdb-2.6.9_08/bin'
	at com.objectdb.o.MSG.d(MSG.java:75)
	at com.objectdb.o.LFL.M(LFL.java:1204)
	at com.objectdb.o.LFL.B(LFL.java:899)
	at com.objectdb.o.LFL.B(LFL.java:794)
	at com.objectdb.o.SFL.<init>(SFL.java:235)
	at com.objectdb.o.MST.<init>(MST.java:123)
	at com.objectdb.o.MST.aN(MST.java:105)
	at com.objectdb.o.MSF.Vn(MSF.java:188)
	at com.objectdb.o.OMF.an(OMF.java:782)
	at com.objectdb.jpa.EMF.an(EMF.java:131)
	at com.objectdb.o.OMF.am(OMF.java:693)
	at com.objectdb.jpa.EMF.createEntityManager(EMF.java:150)
	... 18 more
Caused by: java.io.FileNotFoundException: /home/paovera/Dropbox/Cosas de Pao&Juancho/Base de Datos A2016/practicas/evaluada3/objectdb-2.6.9_08/bin (Es un directorio)
	at java.io.RandomAccessFile.open0(Native Method)
	at java.io.RandomAccessFile.open(RandomAccessFile.java:316)
	at java.io.RandomAccessFile.<init>(RandomAccessFile.java:243)
	at com.objectdb.o.LFL.B(LFL.java:882)
	... 27 more

------------------------------------------------------------------------------------------------------------------------

[2016-12-03 19:05:17 #1 store] 
Database '/home/paovera/Dropbox/Cosas de Pao&Juancho/Base de Datos A2016/practicas/evaluada3/prac3Paola/db/Practica3.odb' is opened by 9327@paovera

[2016-12-03 19:05:17 #2 type] 
Type Practica3.Persona is not enhanced.

------------------------------------------------------------------------------------------------------------------------

[2016-12-03 19:05:52 #1 store] 
Database '/home/juancho/IdeaProjects/prac3Juan/db/person.odb' is opened by 9451@DrexoxII

[2016-12-03 19:05:52 #2 type] 
Type person.Person is not enhanced.

[2016-12-03 19:05:52 #3 type] 
Type person.Student is not enhanced.

[2016-12-03 19:05:52 #4 type] 
Type person.Professor is not enhanced.

[2016-12-03 19:05:53 #5 store] 
Database '/home/juancho/IdeaProjects/prac3Juan/db/person.odb' is closed by 9451@DrexoxII

------------------------------------------------------------------------------------------------------------------------

[2016-12-03 19:09:55 #1 store] 
Database '/home/paovera/Dropbox/Cosas de Pao&Juancho/Base de Datos A2016/practicas/evaluada3/prac3Paola/db/Practica3.odb' is opened by 9477@paovera

[2016-12-03 19:09:55 #2 type] 
Type Practica3.Persona is not enhanced.

[2016-12-03 19:09:55 #3 type] 
Type Practica3.Estudiante is not enhanced.

[2016-12-03 19:09:55 #4 type.registry] 
New type Practica3.Profesor

[2016-12-03 19:09:55 #5 type] 
Type Practica3.Profesor is not enhanced.

[2016-12-03 19:09:55 #6 store] 
Database '/home/paovera/Dropbox/Cosas de Pao&Juancho/Base de Datos A2016/practicas/evaluada3/prac3Paola/db/Practica3.odb' is closed by 9477@paovera

------------------------------------------------------------------------------------------------------------------------

[2016-12-03 19:11:55 #1 store] 
Database '/home/juancho/IdeaProjects/prac3Juan/db/person.odb' is opened by 9724@DrexoxII

[2016-12-03 19:11:55 #2 type] 
Type person.Person is not enhanced.

[2016-12-03 19:11:55 #3 type] 
Type person.Student is not enhanced.

[2016-12-03 19:11:55 #4 type] 
Type person.Professor is not enhanced.

[2016-12-03 19:11:55 #5 store] 
Database '/home/juancho/IdeaProjects/prac3Juan/db/person.odb' is closed by 9724@DrexoxII

------------------------------------------------------------------------------------------------------------------------

[2016-12-03 19:13:34 #1 store] 
Database '/home/juancho/IdeaProjects/prac3Juan/db/person.odb' is opened by 9812@DrexoxII

[2016-12-03 19:13:34 #2 type] 
Type person.Person is not enhanced.

[2016-12-03 19:13:34 #3 type] 
Type person.Student is not enhanced.

[2016-12-03 19:13:34 #4 type] 
Type person.Professor is not enhanced.

[2016-12-03 19:13:34 #5 store] 
Database '/home/juancho/IdeaProjects/prac3Juan/db/person.odb' is closed by 9812@DrexoxII

------------------------------------------------------------------------------------------------------------------------

[2016-12-03 19:14:09 #1 store] 
Database '/home/juancho/IdeaProjects/prac3Juan/db/person.odb' is opened by 9868@DrexoxII

[2016-12-03 19:14:09 #2 type] 
Type person.Person is not enhanced.

[2016-12-03 19:14:09 #3 type] 
Type person.Student is not enhanced.

[2016-12-03 19:14:09 #4 type] 
Type person.Professor is not enhanced.

[2016-12-03 19:14:10 #5 store] 
Database '/home/juancho/IdeaProjects/prac3Juan/db/person.odb' is closed by 9868@DrexoxII

------------------------------------------------------------------------------------------------------------------------

[2016-12-03 19:14:40 #1 store] 
Database '/home/paovera/Dropbox/Cosas de Pao&Juancho/Base de Datos A2016/practicas/evaluada3/prac3Paola/db/Practica3.odb' is opened by 9618@paovera

[2016-12-03 19:14:41 #2 type] 
Type Practica3.Persona is not enhanced.

[2016-12-03 19:14:41 #3 type] 
Type Practica3.Estudiante is not enhanced.

[2016-12-03 19:14:41 #4 type] 
Type Practica3.Profesor is not enhanced.

[2016-12-03 19:14:42 #5 store] 
Database '/home/paovera/Dropbox/Cosas de Pao&Juancho/Base de Datos A2016/practicas/evaluada3/prac3Paola/db/Practica3.odb' is closed by 9618@paovera

------------------------------------------------------------------------------------------------------------------------

[2016-12-03 19:15:59 #1 store] 
Database '/home/juancho/IdeaProjects/prac3Juan/db/person.odb' is opened by 9953@DrexoxII

[2016-12-03 19:15:59 #2 type] 
Type person.Person is not enhanced.

[2016-12-03 19:15:59 #3 type] 
Type person.Student is not enhanced.

[2016-12-03 19:15:59 #4 type] 
Type person.Professor is not enhanced.

[2016-12-03 19:15:59 #5 store] 
Database '/home/juancho/IdeaProjects/prac3Juan/db/person.odb' is closed by 9953@DrexoxII

------------------------------------------------------------------------------------------------------------------------

[2016-12-03 20:24:19 #1 store] 
Database '/home/juancho/IdeaProjects/prac3Juan/db/person.odb' is opened by 10929@DrexoxII

[2016-12-03 20:24:19 #2 type] 
Type person.Person is not enhanced.

[2016-12-03 20:24:19 #3 type] 
Type person.Student is not enhanced.

[2016-12-03 20:24:19 #4 type] 
Type person.Professor is not enhanced.

[2016-12-03 20:24:20 #5 store] 
Database '/home/juancho/IdeaProjects/prac3Juan/db/person.odb' is closed by 10929@DrexoxII

------------------------------------------------------------------------------------------------------------------------

[2016-12-03 20:30:59 #1 store] 
Database '/home/paovera/Dropbox/Cosas de Pao&Juancho/Base de Datos A2016/practicas/evaluada3/prac3Paola/db/Practica3.odb' is opened by 11640@paovera

[2016-12-03 20:30:59 #2 type] 
Type Practica3.Persona is not enhanced.

[2016-12-03 20:30:59 #3 type] 
Type Practica3.Estudiante is not enhanced.

[2016-12-03 20:30:59 #4 type] 
Type Practica3.Profesor is not enhanced.

------------------------------------------------------------------------------------------------------------------------

[2016-12-03 20:31:34 #1 store] 
Database '/home/paovera/Dropbox/Cosas de Pao&Juancho/Base de Datos A2016/practicas/evaluada3/prac3Paola/db/Practica3.odb' has been recovered (tr. 8-8)

[2016-12-03 20:31:35 #2 store] 
Database '/home/paovera/Dropbox/Cosas de Pao&Juancho/Base de Datos A2016/practicas/evaluada3/prac3Paola/db/Practica3.odb' is opened by 11693@paovera

[2016-12-03 20:31:35 #3 type] 
Type Practica3.Persona is not enhanced.

[2016-12-03 20:31:35 #4 type] 
Type Practica3.Estudiante is not enhanced.

[2016-12-03 20:31:35 #5 type] 
Type Practica3.Profesor is not enhanced.

[2016-12-03 20:31:36 #6 store] 
Database '/home/paovera/Dropbox/Cosas de Pao&Juancho/Base de Datos A2016/practicas/evaluada3/prac3Paola/db/Practica3.odb' is closed by 11693@paovera

------------------------------------------------------------------------------------------------------------------------

[2016-12-03 20:31:51 #1 store] 
Database '/home/juancho/IdeaProjects/prac3Juan/db/person.odb' is opened by 11179@DrexoxII

[2016-12-03 20:31:51 #2 type] 
Type person.Person is not enhanced.

[2016-12-03 20:31:51 #3 type] 
Type person.Student is not enhanced.

[2016-12-03 20:31:51 #4 type] 
Type person.Professor is not enhanced.

[2016-12-03 20:31:51 #5 store] 
Database '/home/juancho/IdeaProjects/prac3Juan/db/person.odb' is closed by 11179@DrexoxII

------------------------------------------------------------------------------------------------------------------------

[2016-12-03 20:33:25 #1 store] 
Database '/home/paovera/Dropbox/Cosas de Pao&Juancho/Base de Datos A2016/practicas/evaluada3/prac3Paola/db/Practica3.odb' is opened by 11762@paovera

[2016-12-03 20:33:25 #2 type] 
Type Practica3.Persona is not enhanced.

[2016-12-03 20:33:25 #3 type] 
Type Practica3.Estudiante is not enhanced.

[2016-12-03 20:33:25 #4 type] 
Type Practica3.Profesor is not enhanced.

[2016-12-03 20:33:26 #5 store] 
Database '/home/paovera/Dropbox/Cosas de Pao&Juancho/Base de Datos A2016/practicas/evaluada3/prac3Paola/db/Practica3.odb' is closed by 11762@paovera

------------------------------------------------------------------------------------------------------------------------

[2016-12-03 20:34:28 #1 store] 
Database '/home/juancho/IdeaProjects/prac3Juan/db/person.odb' is opened by 11279@DrexoxII

[2016-12-03 20:34:28 #2 type] 
Type person.Person is not enhanced.

[2016-12-03 20:34:29 #3 type] 
Type person.Student is not enhanced.

[2016-12-03 20:34:29 #4 type] 
Type person.Professor is not enhanced.

[2016-12-03 20:34:29 #5 store] 
Database '/home/juancho/IdeaProjects/prac3Juan/db/person.odb' is closed by 11279@DrexoxII

------------------------------------------------------------------------------------------------------------------------

[2016-12-03 20:36:05 #1 store] 
Database '/home/paovera/Dropbox/Cosas de Pao&Juancho/Base de Datos A2016/practicas/evaluada3/prac3Paola/db/Practica3.odb' is opened by 11871@paovera

[2016-12-03 20:36:05 #2 type.registry] 
New type Practica3.Persona

[2016-12-03 20:36:05 #3 type.registry] 
New type Practica3.Estudiante

[2016-12-03 20:36:05 #4 type] 
Type Practica3.Persona is not enhanced.

[2016-12-03 20:36:05 #5 type] 
Type Practica3.Estudiante is not enhanced.

[2016-12-03 20:36:05 #6 type.registry] 
New type Practica3.Profesor

[2016-12-03 20:36:05 #7 type] 
Type Practica3.Profesor is not enhanced.

[2016-12-03 20:36:06 #8 store] 
Database '/home/paovera/Dropbox/Cosas de Pao&Juancho/Base de Datos A2016/practicas/evaluada3/prac3Paola/db/Practica3.odb' is closed by 11871@paovera

------------------------------------------------------------------------------------------------------------------------

[2016-12-03 20:41:12 #1 store] 
Database '/home/juancho/IdeaProjects/prac3Juan/db/person.odb' is opened by 11489@DrexoxII

[2016-12-03 20:41:12 #2 type] 
Type person.Person is not enhanced.

[2016-12-03 20:41:12 #3 type] 
Type person.Student is not enhanced.

[2016-12-03 20:41:12 #4 type] 
Type person.Professor is not enhanced.

[2016-12-03 20:41:12 #5 store] 
Database '/home/juancho/IdeaProjects/prac3Juan/db/person.odb' is closed by 11489@DrexoxII

------------------------------------------------------------------------------------------------------------------------

[2016-12-03 20:45:41 #1 store] 
Database '/home/juancho/IdeaProjects/prac3Juan/db/person.odb' is opened by 11652@DrexoxII

[2016-12-03 20:45:41 #2 type] 
Type person.Person is not enhanced.

[2016-12-03 20:45:41 #3 type] 
Type person.Student is not enhanced.

[2016-12-03 20:45:41 #4 type] 
Type person.Professor is not enhanced.

[2016-12-03 20:45:41 #5 store] 
Database '/home/juancho/IdeaProjects/prac3Juan/db/person.odb' is closed by 11652@DrexoxII

------------------------------------------------------------------------------------------------------------------------

[2016-12-03 20:49:17 #1 store] 
Database '/home/juancho/IdeaProjects/prac3Juan/db/person.odb' is opened by 11774@DrexoxII

[2016-12-03 20:49:17 #2 type] 
Type person.Person is not enhanced.

[2016-12-03 20:49:17 #3 type] 
Type person.Student is not enhanced.

[2016-12-03 20:49:17 #4 type] 
Type person.Professor is not enhanced.

------------------------------------------------------------------------------------------------------------------------

[2016-12-03 20:49:45 #1 store] 
Database '/home/juancho/IdeaProjects/prac3Juan/db/person.odb' is opened by 11831@DrexoxII

[2016-12-03 20:49:45 #2 type] 
Type person.Person is not enhanced.

[2016-12-03 20:49:45 #3 type] 
Type person.Student is not enhanced.

[2016-12-03 20:49:45 #4 type] 
Type person.Professor is not enhanced.

------------------------------------------------------------------------------------------------------------------------

[2016-12-03 20:50:29 #1 store] 
Database '/home/juancho/IdeaProjects/prac3Juan/db/person.odb' is opened by 11887@DrexoxII

[2016-12-03 20:50:30 #2 type] 
Type person.Person is not enhanced.

[2016-12-03 20:50:30 #3 type] 
Type person.Student is not enhanced.

[2016-12-03 20:50:30 #4 type] 
Type person.Professor is not enhanced.

------------------------------------------------------------------------------------------------------------------------

[2016-12-03 20:50:45 #1 store] 
Database '/home/juancho/IdeaProjects/prac3Juan/db/person.odb' is opened by 11934@DrexoxII

[2016-12-03 20:50:45 #2 type] 
Type person.Person is not enhanced.

[2016-12-03 20:50:45 #3 type] 
Type person.Student is not enhanced.

[2016-12-03 20:50:45 #4 type] 
Type person.Professor is not enhanced.

------------------------------------------------------------------------------------------------------------------------

[2016-12-03 20:53:20 #1 store] 
Database '/home/juancho/IdeaProjects/prac3Juan/db/person.odb' is opened by 12025@DrexoxII

[2016-12-03 20:53:20 #2 type] 
Type person.Person is not enhanced.

[2016-12-03 20:53:20 #3 type] 
Type person.Student is not enhanced.

[2016-12-03 20:53:20 #4 type] 
Type person.Professor is not enhanced.

------------------------------------------------------------------------------------------------------------------------

[2016-12-03 20:53:38 #1 store] 
Database '/home/juancho/IdeaProjects/prac3Juan/db/person.odb' is opened by 12082@DrexoxII

[2016-12-03 20:53:38 #2 type] 
Type person.Person is not enhanced.

[2016-12-03 20:53:38 #3 type] 
Type person.Student is not enhanced.

[2016-12-03 20:53:38 #4 type] 
Type person.Professor is not enhanced.

------------------------------------------------------------------------------------------------------------------------

[2016-12-03 20:54:56 #1 store] 
Database '/home/juancho/IdeaProjects/prac3Juan/db/person.odb' is opened by 12150@DrexoxII

[2016-12-03 20:54:56 #2 type] 
Type person.Person is not enhanced.

[2016-12-03 20:54:56 #3 type] 
Type person.Student is not enhanced.

[2016-12-03 20:54:56 #4 type] 
Type person.Professor is not enhanced.

------------------------------------------------------------------------------------------------------------------------

[2016-12-03 20:55:12 #1 store] 
Database '/home/juancho/IdeaProjects/prac3Juan/db/person.odb' is opened by 12196@DrexoxII

[2016-12-03 20:55:12 #2 type] 
Type person.Person is not enhanced.

[2016-12-03 20:55:12 #3 type] 
Type person.Student is not enhanced.

[2016-12-03 20:55:12 #4 type] 
Type person.Professor is not enhanced.

[2016-12-03 20:55:12 #5 store] 
Database '/home/juancho/IdeaProjects/prac3Juan/db/person.odb' is closed by 12196@DrexoxII

------------------------------------------------------------------------------------------------------------------------

[2016-12-03 20:55:32 #1 store] 
Database '/home/juancho/IdeaProjects/prac3Juan/db/person.odb' is opened by 12240@DrexoxII

[2016-12-03 20:55:32 #2 type] 
Type person.Person is not enhanced.

[2016-12-03 20:55:32 #3 type] 
Type person.Student is not enhanced.

[2016-12-03 20:55:32 #4 type] 
Type person.Professor is not enhanced.

------------------------------------------------------------------------------------------------------------------------

[2016-12-03 20:56:38 #1 store] 
Database '/home/juancho/IdeaProjects/prac3Juan/db/person.odb' is opened by 12314@DrexoxII

[2016-12-03 20:56:38 #2 type] 
Type person.Person is not enhanced.

[2016-12-03 20:56:38 #3 type] 
Type person.Student is not enhanced.

[2016-12-03 20:56:38 #4 type] 
Type person.Professor is not enhanced.

------------------------------------------------------------------------------------------------------------------------

[2016-12-03 20:57:08 #1 store] 
Database '/home/juancho/IdeaProjects/prac3Juan/db/person.odb' is opened by 12372@DrexoxII

[2016-12-03 20:57:09 #2 type] 
Type person.Person is not enhanced.

[2016-12-03 20:57:09 #3 type] 
Type person.Student is not enhanced.

[2016-12-03 20:57:09 #4 type] 
Type person.Professor is not enhanced.

[2016-12-03 20:57:09 #5 store] 
Database '/home/juancho/IdeaProjects/prac3Juan/db/person.odb' is closed by 12372@DrexoxII

------------------------------------------------------------------------------------------------------------------------

[2016-12-03 21:01:13 #1 store] 
Database '/home/juancho/IdeaProjects/prac3Juan/db/person.odb' is opened by 12491@DrexoxII

[2016-12-03 21:01:13 #2 type] 
Type person.Person is not enhanced.

[2016-12-03 21:01:13 #3 type] 
Type person.Student is not enhanced.

[2016-12-03 21:01:13 #4 type] 
Type person.Professor is not enhanced.

[2016-12-03 21:01:13 #5 store] 
Database '/home/juancho/IdeaProjects/prac3Juan/db/person.odb' is closed by 12491@DrexoxII

------------------------------------------------------------------------------------------------------------------------

[2016-12-03 21:05:28 #1 store] 
Database '/home/juancho/IdeaProjects/prac3Juan/db/person.odb' is opened by 12654@DrexoxII

[2016-12-03 21:05:28 #2 type] 
Type person.Person is not enhanced.

[2016-12-03 21:05:28 #3 type] 
Type person.Student is not enhanced.

[2016-12-03 21:05:28 #4 type] 
Type person.Professor is not enhanced.

[2016-12-03 21:05:29 #5 store] 
Database '/home/juancho/IdeaProjects/prac3Juan/db/person.odb' is closed by 12654@DrexoxII

------------------------------------------------------------------------------------------------------------------------

[2016-12-03 21:10:27 #1 store] 
Database '/home/juancho/IdeaProjects/prac3Juan/db/person.odb' is opened by 12830@DrexoxII

[2016-12-03 21:10:27 #2 type] 
Type person.Person is not enhanced.

[2016-12-03 21:10:27 #3 type] 
Type person.Student is not enhanced.

[2016-12-03 21:10:27 #4 type] 
Type person.Professor is not enhanced.

[2016-12-03 21:10:28 #5 store] 
Database '/home/juancho/IdeaProjects/prac3Juan/db/person.odb' is closed by 12830@DrexoxII

------------------------------------------------------------------------------------------------------------------------

[2016-12-03 21:10:48 #1 store] 
Database '/home/juancho/IdeaProjects/prac3Juan/db/person.odb' is opened by 12889@DrexoxII

[2016-12-03 21:10:48 #2 type] 
Type person.Person is not enhanced.

[2016-12-03 21:10:48 #3 type] 
Type person.Student is not enhanced.

[2016-12-03 21:10:48 #4 type] 
Type person.Professor is not enhanced.

[2016-12-03 21:10:49 #5 store] 
Database '/home/juancho/IdeaProjects/prac3Juan/db/person.odb' is closed by 12889@DrexoxII

------------------------------------------------------------------------------------------------------------------------

[2016-12-03 21:12:52 #1 store] 
Database '/home/juancho/IdeaProjects/prac3Juan/db/person.odb' is opened by 12978@DrexoxII

[2016-12-03 21:12:52 #2 type] 
Type person.Person is not enhanced.

[2016-12-03 21:12:52 #3 type] 
Type person.Student is not enhanced.

[2016-12-03 21:12:52 #4 type] 
Type person.Professor is not enhanced.

------------------------------------------------------------------------------------------------------------------------

[2016-12-03 21:13:37 #1 store] 
Database '/home/juancho/IdeaProjects/prac3Juan/db/person.odb' is opened by 13031@DrexoxII

[2016-12-03 21:13:37 #2 type] 
Type person.Person is not enhanced.

[2016-12-03 21:13:37 #3 type] 
Type person.Student is not enhanced.

[2016-12-03 21:13:37 #4 type] 
Type person.Professor is not enhanced.

[2016-12-03 21:13:38 #5 store] 
Database '/home/juancho/IdeaProjects/prac3Juan/db/person.odb' is closed by 13031@DrexoxII

------------------------------------------------------------------------------------------------------------------------

[2016-12-03 21:37:07 #1 store] 
Database '/home/juancho/IdeaProjects/prac3Juan/db/person.odb' is opened by 13632@DrexoxII

[2016-12-03 21:37:07 #2 type] 
Type person.Person is not enhanced.

[2016-12-03 21:37:07 #3 type] 
Type person.Student is not enhanced.

[2016-12-03 21:37:07 #4 type] 
Type person.Professor is not enhanced.

[2016-12-03 21:37:07 #5 store] 
Database '/home/juancho/IdeaProjects/prac3Juan/db/person.odb' is closed by 13632@DrexoxII

------------------------------------------------------------------------------------------------------------------------

[2016-12-03 21:57:41 #1 store] 
Database '/home/juancho/IdeaProjects/prac3Juan/db/person.odb' is opened by 14475@DrexoxII

[2016-12-03 21:57:41 #2 type] 
Type person.Person is not enhanced.

[2016-12-03 21:57:41 #3 type] 
Type person.Student is not enhanced.

[2016-12-03 21:57:41 #4 type] 
Type person.Professor is not enhanced.

[2016-12-03 21:57:41 #5 store] 
Database '/home/juancho/IdeaProjects/prac3Juan/db/person.odb' is closed by 14475@DrexoxII

------------------------------------------------------------------------------------------------------------------------

[2016-12-03 21:59:32 #1 store] 
Database '/home/juancho/IdeaProjects/prac3Juan/db/person.odb' is opened by 14588@DrexoxII

[2016-12-03 21:59:32 #2 type] 
Type person.Person is not enhanced.

[2016-12-03 21:59:32 #3 type] 
Type person.Student is not enhanced.

[2016-12-03 21:59:32 #4 type] 
Type person.Professor is not enhanced.

[2016-12-03 21:59:33 #5 store] 
Database '/home/juancho/IdeaProjects/prac3Juan/db/person.odb' is closed by 14588@DrexoxII

------------------------------------------------------------------------------------------------------------------------

[2016-12-03 22:00:29 #1 store] 
Database '/home/juancho/IdeaProjects/prac3Juan/db/person.odb' is opened by 14680@DrexoxII

[2016-12-03 22:00:50 #2 store] 
Database '/home/juancho/IdeaProjects/prac3Juan/db/person.odb' is closed by 14680@DrexoxII

------------------------------------------------------------------------------------------------------------------------

[2016-12-03 22:01:22 #1 store] 
Database '/home/juancho/IdeaProjects/prac3Juan/db/person.odb' is opened by 14742@DrexoxII

[2016-12-03 22:01:39 #2 store] 
Database '/home/juancho/IdeaProjects/prac3Juan/db/person.odb' is closed by 14742@DrexoxII

------------------------------------------------------------------------------------------------------------------------

[2016-12-03 22:05:53 #1 store] 
Database '/home/juancho/IdeaProjects/prac3Juan/db/person.odb' is opened by 14897@DrexoxII

[2016-12-03 22:05:53 #2 type.registry] 
New type person.Person

[2016-12-03 22:05:53 #3 type.registry] 
New type person.Student

[2016-12-03 22:05:53 #4 type] 
Type person.Person is not enhanced.

[2016-12-03 22:05:53 #5 type] 
Type person.Student is not enhanced.

[2016-12-03 22:05:53 #6 type.registry] 
New type person.Professor

[2016-12-03 22:05:53 #7 type] 
Type person.Professor is not enhanced.

[2016-12-03 22:05:53 #8 store] 
Database '/home/juancho/IdeaProjects/prac3Juan/db/person.odb' is closed by 14897@DrexoxII

------------------------------------------------------------------------------------------------------------------------

[2016-12-03 22:06:33 #1 store] 
Database '/home/juancho/IdeaProjects/prac3Juan/db/person.odb' is opened by 14955@DrexoxII

[2016-12-03 22:06:33 #2 type.registry] 
New type person.Person

[2016-12-03 22:06:33 #3 type.registry] 
New type person.Student

[2016-12-03 22:06:33 #4 type] 
Type person.Person is not enhanced.

[2016-12-03 22:06:33 #5 type] 
Type person.Student is not enhanced.

[2016-12-03 22:06:33 #6 type.registry] 
New type person.Professor

[2016-12-03 22:06:33 #7 type] 
Type person.Professor is not enhanced.

[2016-12-03 22:06:33 #8 store] 
Database '/home/juancho/IdeaProjects/prac3Juan/db/person.odb' is closed by 14955@DrexoxII

------------------------------------------------------------------------------------------------------------------------

[2016-12-03 22:07:21 #1 store] 
Database '/home/juancho/IdeaProjects/prac3Juan/db/person.odb' is opened by 15020@DrexoxII

[2016-12-03 22:07:21 #2 type.registry] 
New type person.Person

[2016-12-03 22:07:21 #3 type.registry] 
New type person.Student

[2016-12-03 22:07:21 #4 type] 
Type person.Person is not enhanced.

[2016-12-03 22:07:21 #5 type] 
Type person.Student is not enhanced.

[2016-12-03 22:07:21 #6 type.registry] 
New type person.Professor

[2016-12-03 22:07:21 #7 type] 
Type person.Professor is not enhanced.

[2016-12-03 22:07:21 #8 store] 
Database '/home/juancho/IdeaProjects/prac3Juan/db/person.odb' is closed by 15020@DrexoxII

